<?xml version="1.0" encoding="UTF-8"?>
<testsuite xmlns:xsi="http://www.w3.org/2001/XMLSchema-instance" xsi:noNamespaceSchemaLocation="https://maven.apache.org/surefire/maven-surefire-plugin/xsd/surefire-test-report-3.0.xsd" version="3.0" name="com.santander.bank.application.pagonxt.runner.MerchantOnBoardingIT" time="7.729" tests="1" errors="0" skipped="0" failures="0">
  <properties>
    <property name="java.specification.version" value="16"/>
    <property name="sun.jnu.encoding" value="UTF-8"/>
    <property name="java.class.path" value="/Users/vikassingh/Downloads/SantanderBankApplications/pagoNxt/target/test-classes:/Users/vikassingh/Downloads/SantanderBankApplications/pagoNxt/target/classes:/Users/vikassingh/Downloads/SantanderBankApplications/core-utils/target/core-utils-1.0-SNAPSHOT.jar:/Users/vikassingh/.m2/repository/org/json/json/20230618/json-20230618.jar:/Users/vikassingh/.m2/repository/io/cucumber/cucumber-core/7.13.0/cucumber-core-7.13.0.jar:/Users/vikassingh/.m2/repository/io/cucumber/cucumber-gherkin/7.13.0/cucumber-gherkin-7.13.0.jar:/Users/vikassingh/.m2/repository/io/cucumber/cucumber-gherkin-messages/7.13.0/cucumber-gherkin-messages-7.13.0.jar:/Users/vikassingh/.m2/repository/io/cucumber/gherkin/26.2.0/gherkin-26.2.0.jar:/Users/vikassingh/.m2/repository/io/cucumber/messages/22.0.0/messages-22.0.0.jar:/Users/vikassingh/.m2/repository/io/cucumber/tag-expressions/5.0.1/tag-expressions-5.0.1.jar:/Users/vikassingh/.m2/repository/io/cucumber/cucumber-expressions/16.1.2/cucumber-expressions-16.1.2.jar:/Users/vikassingh/.m2/repository/io/cucumber/datatable/7.13.0/datatable-7.13.0.jar:/Users/vikassingh/.m2/repository/io/cucumber/cucumber-plugin/7.13.0/cucumber-plugin-7.13.0.jar:/Users/vikassingh/.m2/repository/io/cucumber/docstring/7.13.0/docstring-7.13.0.jar:/Users/vikassingh/.m2/repository/io/cucumber/html-formatter/20.3.1/html-formatter-20.3.1.jar:/Users/vikassingh/.m2/repository/io/cucumber/junit-xml-formatter/0.2.0/junit-xml-formatter-0.2.0.jar:/Users/vikassingh/.m2/repository/io/cucumber/ci-environment/9.2.0/ci-environment-9.2.0.jar:/Users/vikassingh/.m2/repository/org/apiguardian/apiguardian-api/1.1.2/apiguardian-api-1.1.2.jar:/Users/vikassingh/.m2/repository/io/cucumber/cucumber-java/7.13.0/cucumber-java-7.13.0.jar:/Users/vikassingh/.m2/repository/io/cucumber/cucumber-junit/7.13.0/cucumber-junit-7.13.0.jar:/Users/vikassingh/.m2/repository/junit/junit/4.13.2/junit-4.13.2.jar:/Users/vikassingh/.m2/repository/org/hamcrest/hamcrest-core/1.3/hamcrest-core-1.3.jar:/Users/vikassingh/.m2/repository/commons-io/commons-io/2.11.0/commons-io-2.11.0.jar:/Users/vikassingh/.m2/repository/org/slf4j/slf4j-api/2.0.7/slf4j-api-2.0.7.jar:/Users/vikassingh/.m2/repository/org/slf4j/slf4j-simple/2.0.7/slf4j-simple-2.0.7.jar:/Users/vikassingh/.m2/repository/org/jeasy/easy-random-core/5.0.0/easy-random-core-5.0.0.jar:/Users/vikassingh/.m2/repository/org/objenesis/objenesis/3.1/objenesis-3.1.jar:/Users/vikassingh/.m2/repository/io/github/classgraph/classgraph/4.8.90/classgraph-4.8.90.jar:/Users/vikassingh/.m2/repository/org/seleniumhq/selenium/selenium-java/4.10.0/selenium-java-4.10.0.jar:/Users/vikassingh/.m2/repository/org/seleniumhq/selenium/selenium-api/4.10.0/selenium-api-4.10.0.jar:/Users/vikassingh/.m2/repository/org/seleniumhq/selenium/selenium-chrome-driver/4.10.0/selenium-chrome-driver-4.10.0.jar:/Users/vikassingh/.m2/repository/com/google/auto/service/auto-service-annotations/1.0.1/auto-service-annotations-1.0.1.jar:/Users/vikassingh/.m2/repository/com/google/auto/service/auto-service/1.0.1/auto-service-1.0.1.jar:/Users/vikassingh/.m2/repository/com/google/auto/auto-common/1.2/auto-common-1.2.jar:/Users/vikassingh/.m2/repository/com/google/guava/guava/31.1-jre/guava-31.1-jre.jar:/Users/vikassingh/.m2/repository/com/google/guava/failureaccess/1.0.1/failureaccess-1.0.1.jar:/Users/vikassingh/.m2/repository/com/google/guava/listenablefuture/9999.0-empty-to-avoid-conflict-with-guava/listenablefuture-9999.0-empty-to-avoid-conflict-with-guava.jar:/Users/vikassingh/.m2/repository/com/google/code/findbugs/jsr305/3.0.2/jsr305-3.0.2.jar:/Users/vikassingh/.m2/repository/org/checkerframework/checker-qual/3.12.0/checker-qual-3.12.0.jar:/Users/vikassingh/.m2/repository/com/google/errorprone/error_prone_annotations/2.11.0/error_prone_annotations-2.11.0.jar:/Users/vikassingh/.m2/repository/com/google/j2objc/j2objc-annotations/1.3/j2objc-annotations-1.3.jar:/Users/vikassingh/.m2/repository/org/seleniumhq/selenium/selenium-chromium-driver/4.10.0/selenium-chromium-driver-4.10.0.jar:/Users/vikassingh/.m2/repository/org/seleniumhq/selenium/selenium-json/4.10.0/selenium-json-4.10.0.jar:/Users/vikassingh/.m2/repository/org/seleniumhq/selenium/selenium-manager/4.10.0/selenium-manager-4.10.0.jar:/Users/vikassingh/.m2/repository/org/seleniumhq/selenium/selenium-devtools-v112/4.10.0/selenium-devtools-v112-4.10.0.jar:/Users/vikassingh/.m2/repository/org/seleniumhq/selenium/selenium-devtools-v113/4.10.0/selenium-devtools-v113-4.10.0.jar:/Users/vikassingh/.m2/repository/org/seleniumhq/selenium/selenium-devtools-v114/4.10.0/selenium-devtools-v114-4.10.0.jar:/Users/vikassingh/.m2/repository/org/seleniumhq/selenium/selenium-devtools-v85/4.10.0/selenium-devtools-v85-4.10.0.jar:/Users/vikassingh/.m2/repository/org/seleniumhq/selenium/selenium-edge-driver/4.10.0/selenium-edge-driver-4.10.0.jar:/Users/vikassingh/.m2/repository/org/seleniumhq/selenium/selenium-firefox-driver/4.10.0/selenium-firefox-driver-4.10.0.jar:/Users/vikassingh/.m2/repository/org/seleniumhq/selenium/selenium-http/4.10.0/selenium-http-4.10.0.jar:/Users/vikassingh/.m2/repository/dev/failsafe/failsafe/3.3.1/failsafe-3.3.1.jar:/Users/vikassingh/.m2/repository/org/seleniumhq/selenium/selenium-ie-driver/4.10.0/selenium-ie-driver-4.10.0.jar:/Users/vikassingh/.m2/repository/org/seleniumhq/selenium/selenium-remote-driver/4.10.0/selenium-remote-driver-4.10.0.jar:/Users/vikassingh/.m2/repository/io/netty/netty-buffer/4.1.92.Final/netty-buffer-4.1.92.Final.jar:/Users/vikassingh/.m2/repository/io/netty/netty-codec-http/4.1.92.Final/netty-codec-http-4.1.92.Final.jar:/Users/vikassingh/.m2/repository/io/netty/netty-codec/4.1.92.Final/netty-codec-4.1.92.Final.jar:/Users/vikassingh/.m2/repository/io/netty/netty-handler/4.1.92.Final/netty-handler-4.1.92.Final.jar:/Users/vikassingh/.m2/repository/io/netty/netty-common/4.1.92.Final/netty-common-4.1.92.Final.jar:/Users/vikassingh/.m2/repository/io/netty/netty-transport-classes-epoll/4.1.92.Final/netty-transport-classes-epoll-4.1.92.Final.jar:/Users/vikassingh/.m2/repository/io/netty/netty-transport-classes-kqueue/4.1.92.Final/netty-transport-classes-kqueue-4.1.92.Final.jar:/Users/vikassingh/.m2/repository/io/netty/netty-transport-native-epoll/4.1.92.Final/netty-transport-native-epoll-4.1.92.Final.jar:/Users/vikassingh/.m2/repository/io/netty/netty-transport-native-kqueue/4.1.92.Final/netty-transport-native-kqueue-4.1.92.Final.jar:/Users/vikassingh/.m2/repository/io/netty/netty-transport-native-unix-common/4.1.92.Final/netty-transport-native-unix-common-4.1.92.Final.jar:/Users/vikassingh/.m2/repository/io/netty/netty-transport/4.1.92.Final/netty-transport-4.1.92.Final.jar:/Users/vikassingh/.m2/repository/io/netty/netty-resolver/4.1.92.Final/netty-resolver-4.1.92.Final.jar:/Users/vikassingh/.m2/repository/io/opentelemetry/opentelemetry-api/1.26.0/opentelemetry-api-1.26.0.jar:/Users/vikassingh/.m2/repository/io/opentelemetry/opentelemetry-context/1.26.0/opentelemetry-context-1.26.0.jar:/Users/vikassingh/.m2/repository/io/opentelemetry/opentelemetry-exporter-logging/1.26.0/opentelemetry-exporter-logging-1.26.0.jar:/Users/vikassingh/.m2/repository/io/opentelemetry/opentelemetry-sdk-metrics/1.26.0/opentelemetry-sdk-metrics-1.26.0.jar:/Users/vikassingh/.m2/repository/io/opentelemetry/opentelemetry-extension-incubator/1.26.0-alpha/opentelemetry-extension-incubator-1.26.0-alpha.jar:/Users/vikassingh/.m2/repository/io/opentelemetry/opentelemetry-sdk-logs/1.26.0-alpha/opentelemetry-sdk-logs-1.26.0-alpha.jar:/Users/vikassingh/.m2/repository/io/opentelemetry/opentelemetry-api-logs/1.26.0-alpha/opentelemetry-api-logs-1.26.0-alpha.jar:/Users/vikassingh/.m2/repository/io/opentelemetry/opentelemetry-api-events/1.26.0-alpha/opentelemetry-api-events-1.26.0-alpha.jar:/Users/vikassingh/.m2/repository/io/opentelemetry/opentelemetry-sdk-common/1.26.0/opentelemetry-sdk-common-1.26.0.jar:/Users/vikassingh/.m2/repository/io/opentelemetry/opentelemetry-sdk-extension-autoconfigure-spi/1.26.0/opentelemetry-sdk-extension-autoconfigure-spi-1.26.0.jar:/Users/vikassingh/.m2/repository/io/opentelemetry/opentelemetry-sdk-extension-autoconfigure/1.26.0-alpha/opentelemetry-sdk-extension-autoconfigure-1.26.0-alpha.jar:/Users/vikassingh/.m2/repository/io/opentelemetry/opentelemetry-sdk-trace/1.26.0/opentelemetry-sdk-trace-1.26.0.jar:/Users/vikassingh/.m2/repository/io/opentelemetry/opentelemetry-sdk/1.26.0/opentelemetry-sdk-1.26.0.jar:/Users/vikassingh/.m2/repository/io/opentelemetry/opentelemetry-semconv/1.26.0-alpha/opentelemetry-semconv-1.26.0-alpha.jar:/Users/vikassingh/.m2/repository/net/bytebuddy/byte-buddy/1.14.4/byte-buddy-1.14.4.jar:/Users/vikassingh/.m2/repository/org/apache/commons/commons-exec/1.3/commons-exec-1.3.jar:/Users/vikassingh/.m2/repository/org/asynchttpclient/async-http-client/2.12.3/async-http-client-2.12.3.jar:/Users/vikassingh/.m2/repository/org/asynchttpclient/async-http-client-netty-utils/2.12.3/async-http-client-netty-utils-2.12.3.jar:/Users/vikassingh/.m2/repository/io/netty/netty-codec-socks/4.1.60.Final/netty-codec-socks-4.1.60.Final.jar:/Users/vikassingh/.m2/repository/io/netty/netty-handler-proxy/4.1.60.Final/netty-handler-proxy-4.1.60.Final.jar:/Users/vikassingh/.m2/repository/io/netty/netty-transport-native-epoll/4.1.60.Final/netty-transport-native-epoll-4.1.60.Final-linux-x86_64.jar:/Users/vikassingh/.m2/repository/io/netty/netty-transport-native-kqueue/4.1.60.Final/netty-transport-native-kqueue-4.1.60.Final-osx-x86_64.jar:/Users/vikassingh/.m2/repository/org/reactivestreams/reactive-streams/1.0.3/reactive-streams-1.0.3.jar:/Users/vikassingh/.m2/repository/com/typesafe/netty/netty-reactive-streams/2.0.4/netty-reactive-streams-2.0.4.jar:/Users/vikassingh/.m2/repository/com/sun/activation/jakarta.activation/1.2.2/jakarta.activation-1.2.2.jar:/Users/vikassingh/.m2/repository/org/seleniumhq/selenium/selenium-safari-driver/4.10.0/selenium-safari-driver-4.10.0.jar:/Users/vikassingh/.m2/repository/org/seleniumhq/selenium/selenium-support/4.10.0/selenium-support-4.10.0.jar:/Users/vikassingh/.m2/repository/org/apache/poi/poi/4.0.1/poi-4.0.1.jar:/Users/vikassingh/.m2/repository/commons-codec/commons-codec/1.11/commons-codec-1.11.jar:/Users/vikassingh/.m2/repository/org/apache/commons/commons-collections4/4.2/commons-collections4-4.2.jar:/Users/vikassingh/.m2/repository/org/apache/commons/commons-math3/3.6.1/commons-math3-3.6.1.jar:/Users/vikassingh/.m2/repository/org/apache/poi/poi-ooxml/4.0.1/poi-ooxml-4.0.1.jar:/Users/vikassingh/.m2/repository/org/apache/poi/poi-ooxml-schemas/4.0.1/poi-ooxml-schemas-4.0.1.jar:/Users/vikassingh/.m2/repository/org/apache/xmlbeans/xmlbeans/3.0.2/xmlbeans-3.0.2.jar:/Users/vikassingh/.m2/repository/org/apache/commons/commons-compress/1.18/commons-compress-1.18.jar:/Users/vikassingh/.m2/repository/com/github/virtuald/curvesapi/1.05/curvesapi-1.05.jar:/Users/vikassingh/.m2/repository/net/masterthought/maven-cucumber-reporting/5.6.2/maven-cucumber-reporting-5.6.2.jar:/Users/vikassingh/.m2/repository/org/apache/maven/maven-plugin-api/3.8.3/maven-plugin-api-3.8.3.jar:/Users/vikassingh/.m2/repository/org/apache/maven/maven-model/3.8.3/maven-model-3.8.3.jar:/Users/vikassingh/.m2/repository/org/apache/maven/maven-artifact/3.8.3/maven-artifact-3.8.3.jar:/Users/vikassingh/.m2/repository/org/eclipse/sisu/org.eclipse.sisu.plexus/0.3.5/org.eclipse.sisu.plexus-0.3.5.jar:/Users/vikassingh/.m2/repository/javax/annotation/javax.annotation-api/1.2/javax.annotation-api-1.2.jar:/Users/vikassingh/.m2/repository/org/eclipse/sisu/org.eclipse.sisu.inject/0.3.5/org.eclipse.sisu.inject-0.3.5.jar:/Users/vikassingh/.m2/repository/org/codehaus/plexus/plexus-component-annotations/1.5.5/plexus-component-annotations-1.5.5.jar:/Users/vikassingh/.m2/repository/org/codehaus/plexus/plexus-utils/3.3.0/plexus-utils-3.3.0.jar:/Users/vikassingh/.m2/repository/org/codehaus/plexus/plexus-classworlds/2.6.0/plexus-classworlds-2.6.0.jar:/Users/vikassingh/.m2/repository/net/masterthought/cucumber-reporting/5.6.1/cucumber-reporting-5.6.1.jar:/Users/vikassingh/.m2/repository/com/fasterxml/jackson/core/jackson-databind/2.12.1/jackson-databind-2.12.1.jar:/Users/vikassingh/.m2/repository/com/fasterxml/jackson/core/jackson-annotations/2.12.1/jackson-annotations-2.12.1.jar:/Users/vikassingh/.m2/repository/com/fasterxml/jackson/core/jackson-core/2.12.1/jackson-core-2.12.1.jar:/Users/vikassingh/.m2/repository/com/fasterxml/jackson/datatype/jackson-datatype-jsr310/2.12.1/jackson-datatype-jsr310-2.12.1.jar:/Users/vikassingh/.m2/repository/org/apache/velocity/velocity-engine-core/2.3/velocity-engine-core-2.3.jar:/Users/vikassingh/.m2/repository/commons-collections/commons-collections/3.2.2/commons-collections-3.2.2.jar:/Users/vikassingh/.m2/repository/joda-time/joda-time/2.10.10/joda-time-2.10.10.jar:/Users/vikassingh/.m2/repository/org/jsoup/jsoup/1.14.2/jsoup-1.14.2.jar:/Users/vikassingh/.m2/repository/com/googlecode/owasp-java-html-sanitizer/owasp-java-html-sanitizer/20211018.2/owasp-java-html-sanitizer-20211018.2.jar:/Users/vikassingh/.m2/repository/commons-configuration/commons-configuration/1.10/commons-configuration-1.10.jar:/Users/vikassingh/.m2/repository/commons-lang/commons-lang/2.6/commons-lang-2.6.jar:/Users/vikassingh/.m2/repository/commons-logging/commons-logging/1.1.1/commons-logging-1.1.1.jar:/Users/vikassingh/.m2/repository/io/github/bonigarcia/webdrivermanager/5.4.0/webdrivermanager-5.4.0.jar:/Users/vikassingh/.m2/repository/com/google/code/gson/gson/2.10.1/gson-2.10.1.jar:/Users/vikassingh/.m2/repository/com/github/docker-java/docker-java/3.3.1/docker-java-3.3.1.jar:/Users/vikassingh/.m2/repository/com/github/docker-java/docker-java-core/3.3.1/docker-java-core-3.3.1.jar:/Users/vikassingh/.m2/repository/com/github/docker-java/docker-java-api/3.3.1/docker-java-api-3.3.1.jar:/Users/vikassingh/.m2/repository/org/bouncycastle/bcpkix-jdk15on/1.64/bcpkix-jdk15on-1.64.jar:/Users/vikassingh/.m2/repository/org/bouncycastle/bcprov-jdk15on/1.64/bcprov-jdk15on-1.64.jar:/Users/vikassingh/.m2/repository/org/slf4j/jcl-over-slf4j/1.7.30/jcl-over-slf4j-1.7.30.jar:/Users/vikassingh/.m2/repository/com/github/docker-java/docker-java-transport-httpclient5/3.3.1/docker-java-transport-httpclient5-3.3.1.jar:/Users/vikassingh/.m2/repository/com/github/docker-java/docker-java-transport/3.3.1/docker-java-transport-3.3.1.jar:/Users/vikassingh/.m2/repository/net/java/dev/jna/jna/5.12.1/jna-5.12.1.jar:/Users/vikassingh/.m2/repository/org/brotli/dec/0.1.2/dec-0.1.2.jar:/Users/vikassingh/.m2/repository/org/apache/commons/commons-lang3/3.12.0/commons-lang3-3.12.0.jar:/Users/vikassingh/.m2/repository/org/apache/httpcomponents/client5/httpclient5/5.2.1/httpclient5-5.2.1.jar:/Users/vikassingh/.m2/repository/org/apache/httpcomponents/core5/httpcore5/5.2/httpcore5-5.2.jar:/Users/vikassingh/.m2/repository/org/apache/httpcomponents/core5/httpcore5-h2/5.2/httpcore5-h2-5.2.jar:/Users/vikassingh/.m2/repository/io/cucumber/cucumber-picocontainer/7.13.0/cucumber-picocontainer-7.13.0.jar:/Users/vikassingh/.m2/repository/org/picocontainer/picocontainer/2.15/picocontainer-2.15.jar:/Users/vikassingh/.m2/repository/org/projectlombok/lombok/1.18.22/lombok-1.18.22.jar:"/>
    <property name="java.vm.vendor" value="Oracle Corporation"/>
    <property name="sun.arch.data.model" value="64"/>
    <property name="java.vendor.url" value="https://java.oracle.com/"/>
    <property name="user.timezone" value="Europe/Madrid"/>
    <property name="os.name" value="Mac OS X"/>
    <property name="java.vm.specification.version" value="16"/>
    <property name="browserName" value="FIREFOX"/>
    <property name="sun.java.launcher" value="SUN_STANDARD"/>
    <property name="user.country" value="GB"/>
    <property name="sun.boot.library.path" value="/Library/Java/JavaVirtualMachines/jdk-16.0.1.jdk/Contents/Home/lib"/>
    <property name="object.wait.time.macro" value="60"/>
    <property name="sun.java.command" value="/Users/vikassingh/Downloads/SantanderBankApplications/pagoNxt/target/surefire/surefirebooter3902971478193251269.jar /Users/vikassingh/Downloads/SantanderBankApplications/pagoNxt/target/surefire 2023-07-21T16-06-06_842-jvmRun1 surefire3459849402246300296tmp surefire_011925782882480779702tmp"/>
    <property name="http.nonProxyHosts" value="local|*.local|169.254/16|*.169.254/16"/>
    <property name="jdk.debug" value="release"/>
    <property name="surefire.test.class.path" value="/Users/vikassingh/Downloads/SantanderBankApplications/pagoNxt/target/test-classes:/Users/vikassingh/Downloads/SantanderBankApplications/pagoNxt/target/classes:/Users/vikassingh/Downloads/SantanderBankApplications/core-utils/target/core-utils-1.0-SNAPSHOT.jar:/Users/vikassingh/.m2/repository/org/json/json/20230618/json-20230618.jar:/Users/vikassingh/.m2/repository/io/cucumber/cucumber-core/7.13.0/cucumber-core-7.13.0.jar:/Users/vikassingh/.m2/repository/io/cucumber/cucumber-gherkin/7.13.0/cucumber-gherkin-7.13.0.jar:/Users/vikassingh/.m2/repository/io/cucumber/cucumber-gherkin-messages/7.13.0/cucumber-gherkin-messages-7.13.0.jar:/Users/vikassingh/.m2/repository/io/cucumber/gherkin/26.2.0/gherkin-26.2.0.jar:/Users/vikassingh/.m2/repository/io/cucumber/messages/22.0.0/messages-22.0.0.jar:/Users/vikassingh/.m2/repository/io/cucumber/tag-expressions/5.0.1/tag-expressions-5.0.1.jar:/Users/vikassingh/.m2/repository/io/cucumber/cucumber-expressions/16.1.2/cucumber-expressions-16.1.2.jar:/Users/vikassingh/.m2/repository/io/cucumber/datatable/7.13.0/datatable-7.13.0.jar:/Users/vikassingh/.m2/repository/io/cucumber/cucumber-plugin/7.13.0/cucumber-plugin-7.13.0.jar:/Users/vikassingh/.m2/repository/io/cucumber/docstring/7.13.0/docstring-7.13.0.jar:/Users/vikassingh/.m2/repository/io/cucumber/html-formatter/20.3.1/html-formatter-20.3.1.jar:/Users/vikassingh/.m2/repository/io/cucumber/junit-xml-formatter/0.2.0/junit-xml-formatter-0.2.0.jar:/Users/vikassingh/.m2/repository/io/cucumber/ci-environment/9.2.0/ci-environment-9.2.0.jar:/Users/vikassingh/.m2/repository/org/apiguardian/apiguardian-api/1.1.2/apiguardian-api-1.1.2.jar:/Users/vikassingh/.m2/repository/io/cucumber/cucumber-java/7.13.0/cucumber-java-7.13.0.jar:/Users/vikassingh/.m2/repository/io/cucumber/cucumber-junit/7.13.0/cucumber-junit-7.13.0.jar:/Users/vikassingh/.m2/repository/junit/junit/4.13.2/junit-4.13.2.jar:/Users/vikassingh/.m2/repository/org/hamcrest/hamcrest-core/1.3/hamcrest-core-1.3.jar:/Users/vikassingh/.m2/repository/commons-io/commons-io/2.11.0/commons-io-2.11.0.jar:/Users/vikassingh/.m2/repository/org/slf4j/slf4j-api/2.0.7/slf4j-api-2.0.7.jar:/Users/vikassingh/.m2/repository/org/slf4j/slf4j-simple/2.0.7/slf4j-simple-2.0.7.jar:/Users/vikassingh/.m2/repository/org/jeasy/easy-random-core/5.0.0/easy-random-core-5.0.0.jar:/Users/vikassingh/.m2/repository/org/objenesis/objenesis/3.1/objenesis-3.1.jar:/Users/vikassingh/.m2/repository/io/github/classgraph/classgraph/4.8.90/classgraph-4.8.90.jar:/Users/vikassingh/.m2/repository/org/seleniumhq/selenium/selenium-java/4.10.0/selenium-java-4.10.0.jar:/Users/vikassingh/.m2/repository/org/seleniumhq/selenium/selenium-api/4.10.0/selenium-api-4.10.0.jar:/Users/vikassingh/.m2/repository/org/seleniumhq/selenium/selenium-chrome-driver/4.10.0/selenium-chrome-driver-4.10.0.jar:/Users/vikassingh/.m2/repository/com/google/auto/service/auto-service-annotations/1.0.1/auto-service-annotations-1.0.1.jar:/Users/vikassingh/.m2/repository/com/google/auto/service/auto-service/1.0.1/auto-service-1.0.1.jar:/Users/vikassingh/.m2/repository/com/google/auto/auto-common/1.2/auto-common-1.2.jar:/Users/vikassingh/.m2/repository/com/google/guava/guava/31.1-jre/guava-31.1-jre.jar:/Users/vikassingh/.m2/repository/com/google/guava/failureaccess/1.0.1/failureaccess-1.0.1.jar:/Users/vikassingh/.m2/repository/com/google/guava/listenablefuture/9999.0-empty-to-avoid-conflict-with-guava/listenablefuture-9999.0-empty-to-avoid-conflict-with-guava.jar:/Users/vikassingh/.m2/repository/com/google/code/findbugs/jsr305/3.0.2/jsr305-3.0.2.jar:/Users/vikassingh/.m2/repository/org/checkerframework/checker-qual/3.12.0/checker-qual-3.12.0.jar:/Users/vikassingh/.m2/repository/com/google/errorprone/error_prone_annotations/2.11.0/error_prone_annotations-2.11.0.jar:/Users/vikassingh/.m2/repository/com/google/j2objc/j2objc-annotations/1.3/j2objc-annotations-1.3.jar:/Users/vikassingh/.m2/repository/org/seleniumhq/selenium/selenium-chromium-driver/4.10.0/selenium-chromium-driver-4.10.0.jar:/Users/vikassingh/.m2/repository/org/seleniumhq/selenium/selenium-json/4.10.0/selenium-json-4.10.0.jar:/Users/vikassingh/.m2/repository/org/seleniumhq/selenium/selenium-manager/4.10.0/selenium-manager-4.10.0.jar:/Users/vikassingh/.m2/repository/org/seleniumhq/selenium/selenium-devtools-v112/4.10.0/selenium-devtools-v112-4.10.0.jar:/Users/vikassingh/.m2/repository/org/seleniumhq/selenium/selenium-devtools-v113/4.10.0/selenium-devtools-v113-4.10.0.jar:/Users/vikassingh/.m2/repository/org/seleniumhq/selenium/selenium-devtools-v114/4.10.0/selenium-devtools-v114-4.10.0.jar:/Users/vikassingh/.m2/repository/org/seleniumhq/selenium/selenium-devtools-v85/4.10.0/selenium-devtools-v85-4.10.0.jar:/Users/vikassingh/.m2/repository/org/seleniumhq/selenium/selenium-edge-driver/4.10.0/selenium-edge-driver-4.10.0.jar:/Users/vikassingh/.m2/repository/org/seleniumhq/selenium/selenium-firefox-driver/4.10.0/selenium-firefox-driver-4.10.0.jar:/Users/vikassingh/.m2/repository/org/seleniumhq/selenium/selenium-http/4.10.0/selenium-http-4.10.0.jar:/Users/vikassingh/.m2/repository/dev/failsafe/failsafe/3.3.1/failsafe-3.3.1.jar:/Users/vikassingh/.m2/repository/org/seleniumhq/selenium/selenium-ie-driver/4.10.0/selenium-ie-driver-4.10.0.jar:/Users/vikassingh/.m2/repository/org/seleniumhq/selenium/selenium-remote-driver/4.10.0/selenium-remote-driver-4.10.0.jar:/Users/vikassingh/.m2/repository/io/netty/netty-buffer/4.1.92.Final/netty-buffer-4.1.92.Final.jar:/Users/vikassingh/.m2/repository/io/netty/netty-codec-http/4.1.92.Final/netty-codec-http-4.1.92.Final.jar:/Users/vikassingh/.m2/repository/io/netty/netty-codec/4.1.92.Final/netty-codec-4.1.92.Final.jar:/Users/vikassingh/.m2/repository/io/netty/netty-handler/4.1.92.Final/netty-handler-4.1.92.Final.jar:/Users/vikassingh/.m2/repository/io/netty/netty-common/4.1.92.Final/netty-common-4.1.92.Final.jar:/Users/vikassingh/.m2/repository/io/netty/netty-transport-classes-epoll/4.1.92.Final/netty-transport-classes-epoll-4.1.92.Final.jar:/Users/vikassingh/.m2/repository/io/netty/netty-transport-classes-kqueue/4.1.92.Final/netty-transport-classes-kqueue-4.1.92.Final.jar:/Users/vikassingh/.m2/repository/io/netty/netty-transport-native-epoll/4.1.92.Final/netty-transport-native-epoll-4.1.92.Final.jar:/Users/vikassingh/.m2/repository/io/netty/netty-transport-native-kqueue/4.1.92.Final/netty-transport-native-kqueue-4.1.92.Final.jar:/Users/vikassingh/.m2/repository/io/netty/netty-transport-native-unix-common/4.1.92.Final/netty-transport-native-unix-common-4.1.92.Final.jar:/Users/vikassingh/.m2/repository/io/netty/netty-transport/4.1.92.Final/netty-transport-4.1.92.Final.jar:/Users/vikassingh/.m2/repository/io/netty/netty-resolver/4.1.92.Final/netty-resolver-4.1.92.Final.jar:/Users/vikassingh/.m2/repository/io/opentelemetry/opentelemetry-api/1.26.0/opentelemetry-api-1.26.0.jar:/Users/vikassingh/.m2/repository/io/opentelemetry/opentelemetry-context/1.26.0/opentelemetry-context-1.26.0.jar:/Users/vikassingh/.m2/repository/io/opentelemetry/opentelemetry-exporter-logging/1.26.0/opentelemetry-exporter-logging-1.26.0.jar:/Users/vikassingh/.m2/repository/io/opentelemetry/opentelemetry-sdk-metrics/1.26.0/opentelemetry-sdk-metrics-1.26.0.jar:/Users/vikassingh/.m2/repository/io/opentelemetry/opentelemetry-extension-incubator/1.26.0-alpha/opentelemetry-extension-incubator-1.26.0-alpha.jar:/Users/vikassingh/.m2/repository/io/opentelemetry/opentelemetry-sdk-logs/1.26.0-alpha/opentelemetry-sdk-logs-1.26.0-alpha.jar:/Users/vikassingh/.m2/repository/io/opentelemetry/opentelemetry-api-logs/1.26.0-alpha/opentelemetry-api-logs-1.26.0-alpha.jar:/Users/vikassingh/.m2/repository/io/opentelemetry/opentelemetry-api-events/1.26.0-alpha/opentelemetry-api-events-1.26.0-alpha.jar:/Users/vikassingh/.m2/repository/io/opentelemetry/opentelemetry-sdk-common/1.26.0/opentelemetry-sdk-common-1.26.0.jar:/Users/vikassingh/.m2/repository/io/opentelemetry/opentelemetry-sdk-extension-autoconfigure-spi/1.26.0/opentelemetry-sdk-extension-autoconfigure-spi-1.26.0.jar:/Users/vikassingh/.m2/repository/io/opentelemetry/opentelemetry-sdk-extension-autoconfigure/1.26.0-alpha/opentelemetry-sdk-extension-autoconfigure-1.26.0-alpha.jar:/Users/vikassingh/.m2/repository/io/opentelemetry/opentelemetry-sdk-trace/1.26.0/opentelemetry-sdk-trace-1.26.0.jar:/Users/vikassingh/.m2/repository/io/opentelemetry/opentelemetry-sdk/1.26.0/opentelemetry-sdk-1.26.0.jar:/Users/vikassingh/.m2/repository/io/opentelemetry/opentelemetry-semconv/1.26.0-alpha/opentelemetry-semconv-1.26.0-alpha.jar:/Users/vikassingh/.m2/repository/net/bytebuddy/byte-buddy/1.14.4/byte-buddy-1.14.4.jar:/Users/vikassingh/.m2/repository/org/apache/commons/commons-exec/1.3/commons-exec-1.3.jar:/Users/vikassingh/.m2/repository/org/asynchttpclient/async-http-client/2.12.3/async-http-client-2.12.3.jar:/Users/vikassingh/.m2/repository/org/asynchttpclient/async-http-client-netty-utils/2.12.3/async-http-client-netty-utils-2.12.3.jar:/Users/vikassingh/.m2/repository/io/netty/netty-codec-socks/4.1.60.Final/netty-codec-socks-4.1.60.Final.jar:/Users/vikassingh/.m2/repository/io/netty/netty-handler-proxy/4.1.60.Final/netty-handler-proxy-4.1.60.Final.jar:/Users/vikassingh/.m2/repository/io/netty/netty-transport-native-epoll/4.1.60.Final/netty-transport-native-epoll-4.1.60.Final-linux-x86_64.jar:/Users/vikassingh/.m2/repository/io/netty/netty-transport-native-kqueue/4.1.60.Final/netty-transport-native-kqueue-4.1.60.Final-osx-x86_64.jar:/Users/vikassingh/.m2/repository/org/reactivestreams/reactive-streams/1.0.3/reactive-streams-1.0.3.jar:/Users/vikassingh/.m2/repository/com/typesafe/netty/netty-reactive-streams/2.0.4/netty-reactive-streams-2.0.4.jar:/Users/vikassingh/.m2/repository/com/sun/activation/jakarta.activation/1.2.2/jakarta.activation-1.2.2.jar:/Users/vikassingh/.m2/repository/org/seleniumhq/selenium/selenium-safari-driver/4.10.0/selenium-safari-driver-4.10.0.jar:/Users/vikassingh/.m2/repository/org/seleniumhq/selenium/selenium-support/4.10.0/selenium-support-4.10.0.jar:/Users/vikassingh/.m2/repository/org/apache/poi/poi/4.0.1/poi-4.0.1.jar:/Users/vikassingh/.m2/repository/commons-codec/commons-codec/1.11/commons-codec-1.11.jar:/Users/vikassingh/.m2/repository/org/apache/commons/commons-collections4/4.2/commons-collections4-4.2.jar:/Users/vikassingh/.m2/repository/org/apache/commons/commons-math3/3.6.1/commons-math3-3.6.1.jar:/Users/vikassingh/.m2/repository/org/apache/poi/poi-ooxml/4.0.1/poi-ooxml-4.0.1.jar:/Users/vikassingh/.m2/repository/org/apache/poi/poi-ooxml-schemas/4.0.1/poi-ooxml-schemas-4.0.1.jar:/Users/vikassingh/.m2/repository/org/apache/xmlbeans/xmlbeans/3.0.2/xmlbeans-3.0.2.jar:/Users/vikassingh/.m2/repository/org/apache/commons/commons-compress/1.18/commons-compress-1.18.jar:/Users/vikassingh/.m2/repository/com/github/virtuald/curvesapi/1.05/curvesapi-1.05.jar:/Users/vikassingh/.m2/repository/net/masterthought/maven-cucumber-reporting/5.6.2/maven-cucumber-reporting-5.6.2.jar:/Users/vikassingh/.m2/repository/org/apache/maven/maven-plugin-api/3.8.3/maven-plugin-api-3.8.3.jar:/Users/vikassingh/.m2/repository/org/apache/maven/maven-model/3.8.3/maven-model-3.8.3.jar:/Users/vikassingh/.m2/repository/org/apache/maven/maven-artifact/3.8.3/maven-artifact-3.8.3.jar:/Users/vikassingh/.m2/repository/org/eclipse/sisu/org.eclipse.sisu.plexus/0.3.5/org.eclipse.sisu.plexus-0.3.5.jar:/Users/vikassingh/.m2/repository/javax/annotation/javax.annotation-api/1.2/javax.annotation-api-1.2.jar:/Users/vikassingh/.m2/repository/org/eclipse/sisu/org.eclipse.sisu.inject/0.3.5/org.eclipse.sisu.inject-0.3.5.jar:/Users/vikassingh/.m2/repository/org/codehaus/plexus/plexus-component-annotations/1.5.5/plexus-component-annotations-1.5.5.jar:/Users/vikassingh/.m2/repository/org/codehaus/plexus/plexus-utils/3.3.0/plexus-utils-3.3.0.jar:/Users/vikassingh/.m2/repository/org/codehaus/plexus/plexus-classworlds/2.6.0/plexus-classworlds-2.6.0.jar:/Users/vikassingh/.m2/repository/net/masterthought/cucumber-reporting/5.6.1/cucumber-reporting-5.6.1.jar:/Users/vikassingh/.m2/repository/com/fasterxml/jackson/core/jackson-databind/2.12.1/jackson-databind-2.12.1.jar:/Users/vikassingh/.m2/repository/com/fasterxml/jackson/core/jackson-annotations/2.12.1/jackson-annotations-2.12.1.jar:/Users/vikassingh/.m2/repository/com/fasterxml/jackson/core/jackson-core/2.12.1/jackson-core-2.12.1.jar:/Users/vikassingh/.m2/repository/com/fasterxml/jackson/datatype/jackson-datatype-jsr310/2.12.1/jackson-datatype-jsr310-2.12.1.jar:/Users/vikassingh/.m2/repository/org/apache/velocity/velocity-engine-core/2.3/velocity-engine-core-2.3.jar:/Users/vikassingh/.m2/repository/commons-collections/commons-collections/3.2.2/commons-collections-3.2.2.jar:/Users/vikassingh/.m2/repository/joda-time/joda-time/2.10.10/joda-time-2.10.10.jar:/Users/vikassingh/.m2/repository/org/jsoup/jsoup/1.14.2/jsoup-1.14.2.jar:/Users/vikassingh/.m2/repository/com/googlecode/owasp-java-html-sanitizer/owasp-java-html-sanitizer/20211018.2/owasp-java-html-sanitizer-20211018.2.jar:/Users/vikassingh/.m2/repository/commons-configuration/commons-configuration/1.10/commons-configuration-1.10.jar:/Users/vikassingh/.m2/repository/commons-lang/commons-lang/2.6/commons-lang-2.6.jar:/Users/vikassingh/.m2/repository/commons-logging/commons-logging/1.1.1/commons-logging-1.1.1.jar:/Users/vikassingh/.m2/repository/io/github/bonigarcia/webdrivermanager/5.4.0/webdrivermanager-5.4.0.jar:/Users/vikassingh/.m2/repository/com/google/code/gson/gson/2.10.1/gson-2.10.1.jar:/Users/vikassingh/.m2/repository/com/github/docker-java/docker-java/3.3.1/docker-java-3.3.1.jar:/Users/vikassingh/.m2/repository/com/github/docker-java/docker-java-core/3.3.1/docker-java-core-3.3.1.jar:/Users/vikassingh/.m2/repository/com/github/docker-java/docker-java-api/3.3.1/docker-java-api-3.3.1.jar:/Users/vikassingh/.m2/repository/org/bouncycastle/bcpkix-jdk15on/1.64/bcpkix-jdk15on-1.64.jar:/Users/vikassingh/.m2/repository/org/bouncycastle/bcprov-jdk15on/1.64/bcprov-jdk15on-1.64.jar:/Users/vikassingh/.m2/repository/org/slf4j/jcl-over-slf4j/1.7.30/jcl-over-slf4j-1.7.30.jar:/Users/vikassingh/.m2/repository/com/github/docker-java/docker-java-transport-httpclient5/3.3.1/docker-java-transport-httpclient5-3.3.1.jar:/Users/vikassingh/.m2/repository/com/github/docker-java/docker-java-transport/3.3.1/docker-java-transport-3.3.1.jar:/Users/vikassingh/.m2/repository/net/java/dev/jna/jna/5.12.1/jna-5.12.1.jar:/Users/vikassingh/.m2/repository/org/brotli/dec/0.1.2/dec-0.1.2.jar:/Users/vikassingh/.m2/repository/org/apache/commons/commons-lang3/3.12.0/commons-lang3-3.12.0.jar:/Users/vikassingh/.m2/repository/org/apache/httpcomponents/client5/httpclient5/5.2.1/httpclient5-5.2.1.jar:/Users/vikassingh/.m2/repository/org/apache/httpcomponents/core5/httpcore5/5.2/httpcore5-5.2.jar:/Users/vikassingh/.m2/repository/org/apache/httpcomponents/core5/httpcore5-h2/5.2/httpcore5-h2-5.2.jar:/Users/vikassingh/.m2/repository/io/cucumber/cucumber-picocontainer/7.13.0/cucumber-picocontainer-7.13.0.jar:/Users/vikassingh/.m2/repository/org/picocontainer/picocontainer/2.15/picocontainer-2.15.jar:/Users/vikassingh/.m2/repository/org/projectlombok/lombok/1.18.22/lombok-1.18.22.jar:"/>
    <property name="sun.cpu.endian" value="little"/>
    <property name="user.home" value="/Users/vikassingh"/>
    <property name="user.language" value="en"/>
    <property name="java.specification.vendor" value="Oracle Corporation"/>
    <property name="java.version.date" value="2021-04-20"/>
    <property name="java.home" value="/Library/Java/JavaVirtualMachines/jdk-16.0.1.jdk/Contents/Home"/>
    <property name="application_url" value="https://cognizant.udemy.com/course/cucumber-bdd-masterclass/learn/lecture/28973260#notes"/>
    <property name="file.separator" value="/"/>
    <property name="basedir" value="/Users/vikassingh/Downloads/SantanderBankApplications/pagoNxt"/>
    <property name="java.vm.compressedOopsMode" value="Zero based"/>
    <property name="line.separator" value="&#10;"/>
    <property name="java.specification.name" value="Java Platform API Specification"/>
    <property name="java.vm.specification.vendor" value="Oracle Corporation"/>
    <property name="object.wait.time.micro" value="50"/>
    <property name="surefire.real.class.path" value="/Users/vikassingh/Downloads/SantanderBankApplications/pagoNxt/target/surefire/surefirebooter3902971478193251269.jar"/>
    <property name="sun.management.compiler" value="HotSpot 64-Bit Tiered Compilers"/>
    <property name="ftp.nonProxyHosts" value="local|*.local|169.254/16|*.169.254/16"/>
    <property name="java.runtime.version" value="16.0.1+9-24"/>
    <property name="user.name" value="vikassingh"/>
    <property name="pageLoadTime" value="60"/>
    <property name="path.separator" value=":"/>
    <property name="os.version" value="11.4"/>
    <property name="java.runtime.name" value="Java(TM) SE Runtime Environment"/>
    <property name="objectLoadTime" value="60"/>
    <property name="file.encoding" value="UTF-8"/>
    <property name="object.wait.time.reliable" value="60"/>
    <property name="java.vm.name" value="Java HotSpot(TM) 64-Bit Server VM"/>
    <property name="object.wait.time.slow" value="60"/>
    <property name="localRepository" value="/Users/vikassingh/.m2/repository"/>
    <property name="java.vendor.url.bug" value="https://bugreport.java.com/bugreport/"/>
    <property name="java.io.tmpdir" value="/var/folders/07/_5wc5trs4y51pv_66zsc7v040000gn/T/"/>
    <property name="java.version" value="16.0.1"/>
    <property name="user.dir" value="/Users/vikassingh/Downloads/SantanderBankApplications/pagoNxt"/>
    <property name="os.arch" value="x86_64"/>
    <property name="maximiseBrowserWhenOpen" value="TRUE"/>
    <property name="currencySymbol" value="[Â£$â¬]"/>
    <property name="webdriver.gecko.driver" value="/Users/vikassingh/.cache/selenium/geckodriver/mac64/0.33.0/geckodriver"/>
    <property name="java.vm.specification.name" value="Java Virtual Machine Specification"/>
    <property name="java.library.path" value="/Users/vikassingh/Library/Java/Extensions:/Library/Java/Extensions:/Network/Library/Java/Extensions:/System/Library/Java/Extensions:/usr/lib/java:."/>
    <property name="java.vm.info" value="mixed mode, sharing"/>
    <property name="java.vendor" value="Oracle Corporation"/>
    <property name="java.vm.version" value="16.0.1+9-24"/>
    <property name="sun.io.unicode.encoding" value="UnicodeBig"/>
    <property name="socksNonProxyHosts" value="local|*.local|169.254/16|*.169.254/16"/>
    <property name="java.class.version" value="60.0"/>
  </properties>
  <testcase name="Validating that an Merchant On-boarding record is generated when a Large Enterprise is created by an Operator" classname="Testing the Merchant On-boarding Journey" time="7.658">
    <system-out><![CDATA[
@MerchantOnBoarding @MERCH-001 @Tryout
Scenario: Validating that an Merchant On-boarding record is generated when a Large Enterprise is created by an Operator &amp#27;[90m# src/test/resources/features/DashBoard.feature:10&amp#27;[0m
  &amp#27;[32mGiven &amp#27;[0m&amp#27;[32muser is at home page&amp#27;[0m                                                                                            &amp#27;[90m# com.santander.bank.application.pagonxt.steps.MerchantOnBoardingSteps.userIsOnHomePage()&amp#27;[0m
  &amp#27;[32mGiven &amp#27;[0m&amp#27;[32muser click the SSO button on home page&amp#27;[0m                                                                          &amp#27;[90m# com.santander.bank.application.pagonxt.steps.MerchantOnBoardingSteps.userClickSSOButtonIsOnHomePage()&amp#27;[0m
  &amp#27;[32mAnd &amp#27;[0m&amp#27;[32mUser is on &amp#27;[0m&amp#27;[32m&amp#27;[1m"Login"&amp#27;[0m&amp#27;[32m page&amp#27;[0m                                                                                           &amp#27;[90m# com.santander.bank.application.pagonxt.steps.MerchantOnBoardingSteps.user_is_on_page(java.lang.String)&amp#27;[0m
  &amp#27;[32mWhen &amp#27;[0m&amp#27;[32mUser is navigate to &amp#27;[0m&amp#27;[32m&amp#27;[1m"Dashboard Page"&amp#27;[0m                                                                             &amp#27;[90m# com.santander.bank.application.pagonxt.steps.MerchantOnBoardingSteps.user_is_navigate_to(java.lang.String)&amp#27;[0m
]]></system-out>
    <system-err><![CDATA[[main] INFO io.github.bonigarcia.wdm.WebDriverManager - Using geckodriver 0.33.0 (resolved driver for Firefox 115)
[main] INFO io.github.bonigarcia.wdm.WebDriverManager - Exporting webdriver.gecko.driver as /Users/vikassingh/.cache/selenium/geckodriver/mac64/0.33.0/geckodriver
Jul 21, 2023 4:06:23 PM org.openqa.selenium.remote.service.DriverService$Builder getLogOutput
INFO: Driver logs no longer sent to console by default; https://www.selenium.dev/documentation/webdriver/drivers/service/#setting-log-output
[main] INFO com.santander.test.automation.config.DriverUtil - Page load time is set to '60', and object load time is set to '60'
[main] INFO com.santander.test.automation.elements.PageElement - Entered value '476063@cognizant.com' in element 'email' of type 'TEXT_BOX'
[main] INFO com.santander.test.automation.elements.PageElement - Entered value '476063@cognizant.com' in element 'Continue' of type 'BUTTON'
[main] INFO com.santander.test.automation.elements.PageElement - Clicked element 'Continue with SSO' of type 'LINK'
]]></system-err>
  </testcase>
</testsuite>